{"numFailedTestSuites":1,"numFailedTests":0,"numPassedTestSuites":0,"numPassedTests":0,"numPendingTestSuites":0,"numPendingTests":0,"numRuntimeErrorTestSuites":1,"numTodoTests":0,"numTotalTestSuites":1,"numTotalTests":0,"openHandles":[],"snapshot":{"added":0,"didUpdate":false,"failure":false,"filesAdded":0,"filesRemoved":0,"filesRemovedList":[],"filesUnmatched":0,"filesUpdated":0,"matched":0,"total":0,"unchecked":0,"uncheckedKeysByFile":[],"unmatched":0,"updated":0},"startTime":1707884722579,"success":false,"testResults":[{"assertionResults":[],"coverage":{},"endTime":1707884728127,"message":"  \u001b[1m● \u001b[22mTest suite failed to run\n\n    ENOENT: no such file or directory, open 'node:crypto'\n\n      \u001b[2mat Runtime.readFile (\u001b[22m../node_modules/.pnpm/jest-runtime@26.6.3/node_modules/jest-runtime/build/index.js\u001b[2m:1987:21)\u001b[22m\n      \u001b[2mat \u001b[22m../node_modules/.pnpm/@stencil+core@4.12.2/node_modules/@stencil/core/compiler/stencil.js\u001b[2m:55:21\u001b[22m\n      \u001b[2mat Object.<anonymous> (\u001b[22m../node_modules/.pnpm/@stencil+core@4.12.2/node_modules/@stencil/core/compiler/stencil.js\u001b[2m:277787:3)\u001b[22m\n","name":"/Users/moppitz/Workspace/kolibri/kolibri-library/components/src/components/button/test/snapshot.spec.tsx","startTime":1707884728127,"status":"failed","summary":""}],"wasInterrupted":false}